Time slot   0
ld_routine
	Loaded a process at input/proc/p0s, PID: 1 PRIO: 0
	CPU 1: Dispatched process  1
Time slot   1
	Loaded a process at input/proc/p1s, PID: 2 PRIO: 15
Time slot   2
[DEBUG] enlist_pgn_node: added pgn=16, FIFO now: 0 
[DEBUG] __alloc: enlist_pgn_node pgn=0
liballoc:301
[DEBUG] print_pgtbl called for PID=1, start=0x0, end=0xffffffffffffffff
[DEBUG] print_pgtbl: using vma0 range start=0x0, end=0x12c
print_pgtbl:
  PDG=0x7a5d1c003440 P4g=0x7a5d14000bb0 PUD=0x7a5d14001bc0 PMD=0x7a5d14002bd0
	CPU 0: Dispatched process  2
Time slot   3
[DEBUG] enlist_pgn_node: added pgn=16, FIFO now: 0 0 
[DEBUG] __alloc: enlist_pgn_node pgn=0
liballoc:301
[DEBUG] print_pgtbl called for PID=1, start=0x0, end=0xffffffffffffffff
[DEBUG] print_pgtbl: using vma0 range start=0x0, end=0x12e
print_pgtbl:
  PDG=0x7a5d1c003440 P4g=0x7a5d14000bb0 PUD=0x7a5d14001bc0 PMD=0x7a5d14002bd0
	Loaded a process at input/proc/p1s, PID: 3 PRIO: 0
[DEBUG] __free: FIFO before free: 
libfree:323
[DEBUG] print_pgtbl called for PID=1, start=0x0, end=0xffffffffffffffff
[DEBUG] print_pgtbl: using vma0 range start=0x0, end=0x0
[DEBUG] print_pgtbl: pgd_tbl[0] == 0
Time slot   4
Time slot   5
[DEBUG] enlist_pgn_node: added pgn=16, FIFO now: 0 
[DEBUG] __alloc: enlist_pgn_node pgn=0
liballoc:301
[DEBUG] print_pgtbl called for PID=1, start=0x0, end=0xffffffffffffffff
[DEBUG] print_pgtbl: using vma0 range start=0x0, end=0x64
print_pgtbl:
  PDG=0x7a5d1c005070 P4g=0x7a5d14004cb0 PUD=0x7a5d14005cc0 PMD=0x7a5d14006cd0
Time slot   6
	Loaded a process at input/proc/p1s, PID: 4 PRIO: 0
[DEBUG] pg_setval: addr=20, pgn=0, off=20
[DEBUG] pg_getpage: pgn=0, pte(before)=00000000
[DEBUG] find_victim_page: FIFO list: 
[DEBUG] find_victim_page: FIFO empty!
[DEBUG] pg_setval: pg_getpage failed for pgn=0
libwrite:541
[DEBUG] print_pgtbl called for PID=1, start=0x0, end=0xffffffffffffffff
[DEBUG] print_pgtbl: using vma0 range start=0x0, end=0x0
[DEBUG] print_pgtbl: pte not present
	CPU 1: Put process  1 to run queue
	CPU 1: Dispatched process  3
Time slot   7
Time slot   8
	CPU 0: Put process  2 to run queue
	CPU 0: Dispatched process  4
Time slot   9
Time slot  10
Time slot  11
Time slot  12
	CPU 1: Put process  3 to run queue
	CPU 1: Dispatched process  1
[DEBUG] pg_getpage: pgn=0, pte(before)=00000000
[DEBUG] find_victim_page: FIFO list: 
[DEBUG] find_victim_page: FIFO empty!
libread:496
[DEBUG] print_pgtbl called for PID=1, start=0x0, end=0xffffffffffffffff
[DEBUG] print_pgtbl: using vma0 range start=0x0, end=0x0
[DEBUG] print_pgtbl: pte not present
Time slot  13
Time slot  14
[DEBUG] pg_setval: addr=20, pgn=0, off=20
[DEBUG] pg_getpage: pgn=0, pte(before)=00000000
[DEBUG] find_victim_page: FIFO list: 
[DEBUG] find_victim_page: FIFO empty!
[DEBUG] pg_setval: pg_getpage failed for pgn=0
libwrite:541
[DEBUG] print_pgtbl called for PID=1, start=0x0, end=0xffffffffffffffff
[DEBUG] print_pgtbl: using vma0 range start=0x0, end=0x0
[DEBUG] print_pgtbl: pte not present
	CPU 0: Put process  4 to run queue
	CPU 0: Dispatched process  3
Time slot  15
[DEBUG] pg_getpage: pgn=0, pte(before)=00000000
[DEBUG] find_victim_page: FIFO list: 
[DEBUG] find_victim_page: FIFO empty!
libread:496
[DEBUG] print_pgtbl called for PID=1, start=0x0, end=0xffffffffffffffff
[DEBUG] print_pgtbl: using vma0 range start=0x0, end=0x0
[DEBUG] print_pgtbl: pte not present
Time slot  16
[DEBUG] pg_setval: addr=20, pgn=0, off=20
[DEBUG] pg_getpage: pgn=0, pte(before)=00000000
[DEBUG] find_victim_page: FIFO list: 
[DEBUG] find_victim_page: FIFO empty!
[DEBUG] pg_setval: pg_getpage failed for pgn=0
libwrite:541
[DEBUG] print_pgtbl called for PID=1, start=0x0, end=0xffffffffffffffff
[DEBUG] print_pgtbl: using vma0 range start=0x0, end=0x0
[DEBUG] print_pgtbl: pte not present
Time slot  17
[DEBUG] pg_getpage: pgn=0, pte(before)=00000000
[DEBUG] find_victim_page: FIFO list: 
[DEBUG] find_victim_page: FIFO empty!
libread:496
[DEBUG] print_pgtbl called for PID=1, start=0x0, end=0xffffffffffffffff
[DEBUG] print_pgtbl: using vma0 range start=0x0, end=0x0
[DEBUG] print_pgtbl: pte not present
Time slot  18
	CPU 0: Processed  3 has finished
	CPU 0: Dispatched process  4
	CPU 1: Put process  1 to run queue
	CPU 1: Dispatched process  1
[DEBUG] __free: FIFO before free: 
libfree:323
[DEBUG] print_pgtbl called for PID=1, start=0x0, end=0xffffffffffffffff
[DEBUG] print_pgtbl: using vma0 range start=0x0, end=0x0
[DEBUG] print_pgtbl: pte not present
Time slot  19
Time slot  20
	CPU 1: Processed  1 has finished
	CPU 1: Dispatched process  2
Time slot  21
Time slot  22
	CPU 0: Processed  4 has finished
	CPU 0 stopped
Time slot  23
Time slot  24
Time slot  25
	CPU 1: Processed  2 has finished
	CPU 1 stopped
